[2022-01-07 07:31:34.669] [exthost] [info] Extension host with pid 10502 started
[2022-01-07 07:31:34.686] [exthost] [info] Lock '/root/.vscode-server/data/User/workspaceStorage/9652009b423754869843812d2b7064b6/vscode.lock': Lock acquired.
[2022-01-07 07:31:34.955] [exthost] [info] ExtensionService#_doActivateExtension vscode.typescript-language-features, startup: false, activationEvent: 'onLanguage:javascript'
[2022-01-07 07:31:35.042] [exthost] [info] ExtensionService#_doActivateExtension vscode.configuration-editing, startup: false, activationEvent: 'onLanguage:json'
[2022-01-07 07:31:35.053] [exthost] [info] ExtensionService#_doActivateExtension vscode.extension-editing, startup: false, activationEvent: 'onLanguage:json'
[2022-01-07 07:31:35.075] [exthost] [info] ExtensionService#_doActivateExtension vscode.json-language-features, startup: false, activationEvent: 'onLanguage:json'
[2022-01-07 07:31:35.171] [exthost] [info] ExtensionService#_doActivateExtension vscode.npm, startup: false, activationEvent: 'onLanguage:json'
[2022-01-07 07:31:35.206] [exthost] [info] ExtensionService#_doActivateExtension vscode.debug-auto-launch, startup: true, activationEvent: '*'
[2022-01-07 07:31:35.209] [exthost] [info] ExtensionService#_doActivateExtension vscode.git-base, startup: true, activationEvent: '*', root cause: vscode.github
[2022-01-07 07:31:35.548] [exthost] [info] ExtensionService#_doActivateExtension vscode.git, startup: true, activationEvent: '*'
[2022-01-07 07:31:35.656] [exthost] [info] ExtensionService#_doActivateExtension vscode.github, startup: true, activationEvent: '*'
[2022-01-07 07:31:35.932] [exthost] [info] ExtensionService#_doActivateExtension vscode.emmet, startup: false, activationEvent: 'onStartupFinished'
[2022-01-07 07:31:35.949] [exthost] [info] ExtensionService#_doActivateExtension vscode.merge-conflict, startup: false, activationEvent: 'onStartupFinished'
[2022-01-07 07:31:35.953] [exthost] [info] Eager extensions activated
[2022-01-07 07:31:36.258] [exthost] [warning] [Decorations] CAPPING events from decorations provider vscode.git 2850
[2022-01-07 07:32:39.632] [exthost] [warning] [Decorations] CAPPING events from decorations provider vscode.git 2853
[2022-01-07 07:32:54.197] [exthost] [warning] [Decorations] CAPPING events from decorations provider vscode.git 2853
[2022-01-07 07:32:59.370] [exthost] [warning] [Decorations] CAPPING events from decorations provider vscode.git 2853
[2022-01-07 07:33:21.627] [exthost] [warning] [Decorations] CAPPING events from decorations provider vscode.git 2853
[2022-01-07 07:33:34.109] [exthost] [warning] [Decorations] CAPPING events from decorations provider vscode.git 2853
[2022-01-07 07:33:39.258] [exthost] [warning] [Decorations] CAPPING events from decorations provider vscode.git 2853
[2022-01-07 07:33:44.416] [exthost] [warning] [Decorations] CAPPING events from decorations provider vscode.git 2853
[2022-01-07 07:33:49.572] [exthost] [warning] [Decorations] CAPPING events from decorations provider vscode.git 2853
[2022-01-07 07:33:54.735] [exthost] [warning] [Decorations] CAPPING events from decorations provider vscode.git 2853
[2022-01-07 07:33:59.891] [exthost] [warning] [Decorations] CAPPING events from decorations provider vscode.git 2853
[2022-01-07 07:34:05.045] [exthost] [warning] [Decorations] CAPPING events from decorations provider vscode.git 2853
[2022-01-07 07:35:06.217] [exthost] [warning] [Decorations] CAPPING events from decorations provider vscode.git 2853
[2022-01-07 07:35:11.380] [exthost] [warning] [Decorations] CAPPING events from decorations provider vscode.git 2853
[2022-01-07 07:35:16.533] [exthost] [warning] [Decorations] CAPPING events from decorations provider vscode.git 2853
[2022-01-07 07:35:21.687] [exthost] [warning] [Decorations] CAPPING events from decorations provider vscode.git 2853
[2022-01-07 07:35:26.828] [exthost] [warning] [Decorations] CAPPING events from decorations provider vscode.git 2853
[2022-01-07 07:35:31.997] [exthost] [warning] [Decorations] CAPPING events from decorations provider vscode.git 2853
[2022-01-07 07:35:43.698] [exthost] [warning] [Decorations] CAPPING events from decorations provider vscode.git 2853
[2022-01-07 07:35:48.836] [exthost] [warning] [Decorations] CAPPING events from decorations provider vscode.git 2853
[2022-01-07 07:35:53.980] [exthost] [warning] [Decorations] CAPPING events from decorations provider vscode.git 2853
[2022-01-07 07:35:59.144] [exthost] [warning] [Decorations] CAPPING events from decorations provider vscode.git 2853
[2022-01-07 07:36:31.520] [exthost] [warning] [Decorations] CAPPING events from decorations provider vscode.git 2853
[2022-01-07 07:36:36.688] [exthost] [warning] [Decorations] CAPPING events from decorations provider vscode.git 2853
[2022-01-07 07:36:41.830] [exthost] [warning] [Decorations] CAPPING events from decorations provider vscode.git 2852
[2022-01-07 07:36:46.990] [exthost] [warning] [Decorations] CAPPING events from decorations provider vscode.git 2852
[2022-01-07 07:36:52.136] [exthost] [warning] [Decorations] CAPPING events from decorations provider vscode.git 2852
[2022-01-07 07:36:57.291] [exthost] [warning] [Decorations] CAPPING events from decorations provider vscode.git 2852
[2022-01-07 07:37:02.436] [exthost] [warning] [Decorations] CAPPING events from decorations provider vscode.git 2852
[2022-01-07 07:37:07.593] [exthost] [warning] [Decorations] CAPPING events from decorations provider vscode.git 2852
[2022-01-07 07:37:12.756] [exthost] [warning] [Decorations] CAPPING events from decorations provider vscode.git 2852
[2022-01-07 07:37:17.884] [exthost] [warning] [Decorations] CAPPING events from decorations provider vscode.git 2852
[2022-01-07 07:38:19.955] [exthost] [warning] [Decorations] CAPPING events from decorations provider vscode.git 2852
[2022-01-07 07:38:35.287] [exthost] [warning] [Decorations] CAPPING events from decorations provider vscode.git 2852
[2022-01-07 07:38:40.435] [exthost] [warning] [Decorations] CAPPING events from decorations provider vscode.git 2852
[2022-01-07 07:38:45.585] [exthost] [warning] [Decorations] CAPPING events from decorations provider vscode.git 2852
[2022-01-07 07:38:50.697] [exthost] [warning] [Decorations] CAPPING events from decorations provider vscode.git 2852
[2022-01-07 07:38:56.769] [exthost] [warning] [Decorations] CAPPING events from decorations provider vscode.git 2852
[2022-01-07 07:39:01.939] [exthost] [warning] [Decorations] CAPPING events from decorations provider vscode.git 2852
[2022-01-07 07:39:07.092] [exthost] [warning] [Decorations] CAPPING events from decorations provider vscode.git 2852
[2022-01-07 07:39:12.250] [exthost] [warning] [Decorations] CAPPING events from decorations provider vscode.git 2852
[2022-01-07 07:39:17.415] [exthost] [warning] [Decorations] CAPPING events from decorations provider vscode.git 2852
[2022-01-07 07:39:22.560] [exthost] [warning] [Decorations] CAPPING events from decorations provider vscode.git 2852
[2022-01-07 07:39:27.727] [exthost] [warning] [Decorations] CAPPING events from decorations provider vscode.git 2852
[2022-01-07 07:39:32.878] [exthost] [warning] [Decorations] CAPPING events from decorations provider vscode.git 2852
[2022-01-07 07:39:38.045] [exthost] [warning] [Decorations] CAPPING events from decorations provider vscode.git 2852
[2022-01-07 07:39:43.187] [exthost] [warning] [Decorations] CAPPING events from decorations provider vscode.git 2852
[2022-01-07 07:39:48.348] [exthost] [warning] [Decorations] CAPPING events from decorations provider vscode.git 2852
[2022-01-07 07:39:53.511] [exthost] [warning] [Decorations] CAPPING events from decorations provider vscode.git 2852
[2022-01-07 07:40:12.255] [exthost] [warning] [Decorations] CAPPING events from decorations provider vscode.git 2852
[2022-01-07 07:40:17.401] [exthost] [warning] [Decorations] CAPPING events from decorations provider vscode.git 2852
[2022-01-07 07:40:22.555] [exthost] [warning] [Decorations] CAPPING events from decorations provider vscode.git 2852
[2022-01-07 07:40:27.714] [exthost] [warning] [Decorations] CAPPING events from decorations provider vscode.git 2852
[2022-01-07 07:40:32.865] [exthost] [warning] [Decorations] CAPPING events from decorations provider vscode.git 2852
[2022-01-07 07:40:38.017] [exthost] [warning] [Decorations] CAPPING events from decorations provider vscode.git 2852
[2022-01-07 07:40:43.154] [exthost] [warning] [Decorations] CAPPING events from decorations provider vscode.git 2852
[2022-01-07 07:40:48.307] [exthost] [warning] [Decorations] CAPPING events from decorations provider vscode.git 2852
[2022-01-07 07:40:53.462] [exthost] [warning] [Decorations] CAPPING events from decorations provider vscode.git 2852
[2022-01-07 07:40:58.615] [exthost] [warning] [Decorations] CAPPING events from decorations provider vscode.git 2852
[2022-01-07 07:41:03.776] [exthost] [warning] [Decorations] CAPPING events from decorations provider vscode.git 2852
[2022-01-07 07:41:08.942] [exthost] [warning] [Decorations] CAPPING events from decorations provider vscode.git 2852
[2022-01-07 07:41:14.106] [exthost] [warning] [Decorations] CAPPING events from decorations provider vscode.git 2852
[2022-01-07 07:41:19.262] [exthost] [warning] [Decorations] CAPPING events from decorations provider vscode.git 2852
[2022-01-07 07:41:24.433] [exthost] [warning] [Decorations] CAPPING events from decorations provider vscode.git 2852
[2022-01-07 07:41:29.603] [exthost] [warning] [Decorations] CAPPING events from decorations provider vscode.git 2852
[2022-01-07 07:41:34.765] [exthost] [warning] [Decorations] CAPPING events from decorations provider vscode.git 2852
[2022-01-07 07:41:39.926] [exthost] [warning] [Decorations] CAPPING events from decorations provider vscode.git 2852
[2022-01-07 07:41:45.083] [exthost] [warning] [Decorations] CAPPING events from decorations provider vscode.git 2852
[2022-01-07 07:42:18.603] [exthost] [warning] [Decorations] CAPPING events from decorations provider vscode.git 2852
[2022-01-07 07:42:23.763] [exthost] [warning] [Decorations] CAPPING events from decorations provider vscode.git 2852
[2022-01-07 07:43:10.438] [exthost] [warning] [Decorations] CAPPING events from decorations provider vscode.git 2852
[2022-01-07 07:43:15.612] [exthost] [warning] [Decorations] CAPPING events from decorations provider vscode.git 2852
[2022-01-07 07:43:20.771] [exthost] [warning] [Decorations] CAPPING events from decorations provider vscode.git 2852
[2022-01-07 07:43:25.928] [exthost] [warning] [Decorations] CAPPING events from decorations provider vscode.git 2852
[2022-01-07 07:43:31.087] [exthost] [warning] [Decorations] CAPPING events from decorations provider vscode.git 2852
[2022-01-07 07:43:36.237] [exthost] [warning] [Decorations] CAPPING events from decorations provider vscode.git 2852
[2022-01-07 07:44:00.162] [exthost] [warning] [Decorations] CAPPING events from decorations provider vscode.git 2852
[2022-01-07 07:44:05.322] [exthost] [warning] [Decorations] CAPPING events from decorations provider vscode.git 2852
[2022-01-07 07:44:10.475] [exthost] [warning] [Decorations] CAPPING events from decorations provider vscode.git 2852
[2022-01-07 07:44:18.966] [exthost] [warning] [Decorations] CAPPING events from decorations provider vscode.git 2852
[2022-01-07 07:44:24.127] [exthost] [warning] [Decorations] CAPPING events from decorations provider vscode.git 2852
[2022-01-07 07:44:29.269] [exthost] [warning] [Decorations] CAPPING events from decorations provider vscode.git 2852
[2022-01-07 07:44:34.871] [exthost] [warning] [Decorations] CAPPING events from decorations provider vscode.git 2852
[2022-01-07 07:44:40.037] [exthost] [warning] [Decorations] CAPPING events from decorations provider vscode.git 2852
[2022-01-07 07:44:45.195] [exthost] [warning] [Decorations] CAPPING events from decorations provider vscode.git 2852
[2022-01-07 07:44:50.360] [exthost] [warning] [Decorations] CAPPING events from decorations provider vscode.git 2852
[2022-01-07 07:44:55.513] [exthost] [warning] [Decorations] CAPPING events from decorations provider vscode.git 2852
[2022-01-07 07:45:00.669] [exthost] [warning] [Decorations] CAPPING events from decorations provider vscode.git 2852
[2022-01-07 07:47:07.268] [exthost] [warning] [Decorations] CAPPING events from decorations provider vscode.git 2852
[2022-01-07 07:47:14.931] [exthost] [warning] [Decorations] CAPPING events from decorations provider vscode.git 2852
[2022-01-07 07:47:20.094] [exthost] [warning] [Decorations] CAPPING events from decorations provider vscode.git 2852
[2022-01-07 07:47:25.259] [exthost] [warning] [Decorations] CAPPING events from decorations provider vscode.git 2852
[2022-01-07 07:47:30.414] [exthost] [warning] [Decorations] CAPPING events from decorations provider vscode.git 2852
[2022-01-07 07:47:51.545] [exthost] [warning] [Decorations] CAPPING events from decorations provider vscode.git 2852
[2022-01-07 07:47:56.725] [exthost] [warning] [Decorations] CAPPING events from decorations provider vscode.git 2852
[2022-01-07 07:48:01.876] [exthost] [warning] [Decorations] CAPPING events from decorations provider vscode.git 2852
[2022-01-07 07:48:07.034] [exthost] [warning] [Decorations] CAPPING events from decorations provider vscode.git 2852
[2022-01-07 07:48:12.193] [exthost] [warning] [Decorations] CAPPING events from decorations provider vscode.git 2852
[2022-01-07 07:48:18.688] [exthost] [warning] [Decorations] CAPPING events from decorations provider vscode.git 2852
[2022-01-07 07:48:23.853] [exthost] [warning] [Decorations] CAPPING events from decorations provider vscode.git 2852
[2022-01-07 07:48:28.999] [exthost] [warning] [Decorations] CAPPING events from decorations provider vscode.git 2852
[2022-01-07 07:48:34.155] [exthost] [warning] [Decorations] CAPPING events from decorations provider vscode.git 2852
[2022-01-07 07:48:39.315] [exthost] [warning] [Decorations] CAPPING events from decorations provider vscode.git 2852
[2022-01-07 07:48:44.465] [exthost] [warning] [Decorations] CAPPING events from decorations provider vscode.git 2852
[2022-01-07 07:48:49.620] [exthost] [warning] [Decorations] CAPPING events from decorations provider vscode.git 2852
[2022-01-07 07:48:54.765] [exthost] [warning] [Decorations] CAPPING events from decorations provider vscode.git 2852
[2022-01-07 07:48:59.893] [exthost] [warning] [Decorations] CAPPING events from decorations provider vscode.git 2852
[2022-01-07 07:49:05.045] [exthost] [warning] [Decorations] CAPPING events from decorations provider vscode.git 2852
[2022-01-07 07:49:44.310] [exthost] [warning] [Decorations] CAPPING events from decorations provider vscode.git 2852
[2022-01-07 07:49:49.493] [exthost] [warning] [Decorations] CAPPING events from decorations provider vscode.git 2852
[2022-01-07 07:49:54.655] [exthost] [warning] [Decorations] CAPPING events from decorations provider vscode.git 2852
[2022-01-07 07:49:59.802] [exthost] [warning] [Decorations] CAPPING events from decorations provider vscode.git 2852
[2022-01-07 07:50:04.962] [exthost] [warning] [Decorations] CAPPING events from decorations provider vscode.git 2852
[2022-01-07 07:50:10.128] [exthost] [warning] [Decorations] CAPPING events from decorations provider vscode.git 2852
[2022-01-07 07:50:21.348] [exthost] [warning] [Decorations] CAPPING events from decorations provider vscode.git 2852
[2022-01-07 07:50:26.504] [exthost] [warning] [Decorations] CAPPING events from decorations provider vscode.git 2852
[2022-01-07 07:50:31.676] [exthost] [warning] [Decorations] CAPPING events from decorations provider vscode.git 2852
[2022-01-07 07:50:42.677] [exthost] [warning] [Decorations] CAPPING events from decorations provider vscode.git 2852
[2022-01-07 07:50:47.824] [exthost] [warning] [Decorations] CAPPING events from decorations provider vscode.git 2852
[2022-01-07 07:50:52.987] [exthost] [warning] [Decorations] CAPPING events from decorations provider vscode.git 2852
[2022-01-07 07:50:58.118] [exthost] [warning] [Decorations] CAPPING events from decorations provider vscode.git 2852
[2022-01-07 07:51:03.276] [exthost] [warning] [Decorations] CAPPING events from decorations provider vscode.git 2852
[2022-01-07 07:51:08.441] [exthost] [warning] [Decorations] CAPPING events from decorations provider vscode.git 2852
[2022-01-07 07:51:13.598] [exthost] [warning] [Decorations] CAPPING events from decorations provider vscode.git 2852
[2022-01-07 07:51:18.761] [exthost] [warning] [Decorations] CAPPING events from decorations provider vscode.git 2852
[2022-01-07 07:51:23.919] [exthost] [warning] [Decorations] CAPPING events from decorations provider vscode.git 2852
[2022-01-07 07:51:29.081] [exthost] [warning] [Decorations] CAPPING events from decorations provider vscode.git 2852
[2022-01-07 07:51:34.246] [exthost] [warning] [Decorations] CAPPING events from decorations provider vscode.git 2852
[2022-01-07 07:52:21.072] [exthost] [warning] [Decorations] CAPPING events from decorations provider vscode.git 2852
[2022-01-07 07:52:26.233] [exthost] [warning] [Decorations] CAPPING events from decorations provider vscode.git 2853
[2022-01-07 07:52:31.399] [exthost] [warning] [Decorations] CAPPING events from decorations provider vscode.git 2853
[2022-01-07 07:52:36.569] [exthost] [warning] [Decorations] CAPPING events from decorations provider vscode.git 2853
[2022-01-07 07:52:42.938] [exthost] [warning] [Decorations] CAPPING events from decorations provider vscode.git 2853
[2022-01-07 07:52:48.111] [exthost] [warning] [Decorations] CAPPING events from decorations provider vscode.git 2853
[2022-01-07 07:52:53.273] [exthost] [warning] [Decorations] CAPPING events from decorations provider vscode.git 2853
[2022-01-07 07:52:58.427] [exthost] [warning] [Decorations] CAPPING events from decorations provider vscode.git 2853
[2022-01-07 07:53:03.593] [exthost] [warning] [Decorations] CAPPING events from decorations provider vscode.git 2853
[2022-01-07 07:53:22.232] [exthost] [warning] [Decorations] CAPPING events from decorations provider vscode.git 2853
[2022-01-07 07:53:27.486] [exthost] [warning] [Decorations] CAPPING events from decorations provider vscode.git 2853
[2022-01-07 07:53:32.649] [exthost] [warning] [Decorations] CAPPING events from decorations provider vscode.git 2853
[2022-01-07 07:53:37.786] [exthost] [warning] [Decorations] CAPPING events from decorations provider vscode.git 2853
[2022-01-07 07:53:42.946] [exthost] [warning] [Decorations] CAPPING events from decorations provider vscode.git 2853
[2022-01-07 07:53:48.114] [exthost] [warning] [Decorations] CAPPING events from decorations provider vscode.git 2853
[2022-01-07 07:53:53.293] [exthost] [warning] [Decorations] CAPPING events from decorations provider vscode.git 2853
[2022-01-07 07:53:58.438] [exthost] [warning] [Decorations] CAPPING events from decorations provider vscode.git 2853
[2022-01-07 07:54:03.592] [exthost] [warning] [Decorations] CAPPING events from decorations provider vscode.git 2853
[2022-01-07 07:54:08.761] [exthost] [warning] [Decorations] CAPPING events from decorations provider vscode.git 2853
[2022-01-07 07:54:13.936] [exthost] [warning] [Decorations] CAPPING events from decorations provider vscode.git 2853
[2022-01-07 07:54:19.091] [exthost] [warning] [Decorations] CAPPING events from decorations provider vscode.git 2853
[2022-01-07 07:54:24.251] [exthost] [warning] [Decorations] CAPPING events from decorations provider vscode.git 2853
[2022-01-07 07:54:29.373] [exthost] [warning] [Decorations] CAPPING events from decorations provider vscode.git 2853
[2022-01-07 07:54:34.539] [exthost] [warning] [Decorations] CAPPING events from decorations provider vscode.git 2853
[2022-01-07 07:54:39.700] [exthost] [warning] [Decorations] CAPPING events from decorations provider vscode.git 2853
[2022-01-07 07:54:44.857] [exthost] [warning] [Decorations] CAPPING events from decorations provider vscode.git 2853
[2022-01-07 07:54:50.019] [exthost] [warning] [Decorations] CAPPING events from decorations provider vscode.git 2853
[2022-01-07 07:54:55.182] [exthost] [warning] [Decorations] CAPPING events from decorations provider vscode.git 2853
[2022-01-07 07:55:00.310] [exthost] [warning] [Decorations] CAPPING events from decorations provider vscode.git 2853
[2022-01-07 07:55:05.429] [exthost] [warning] [Decorations] CAPPING events from decorations provider vscode.git 2853
[2022-01-07 07:55:10.618] [exthost] [warning] [Decorations] CAPPING events from decorations provider vscode.git 2853
[2022-01-07 07:55:18.677] [exthost] [warning] [Decorations] CAPPING events from decorations provider vscode.git 2853
[2022-01-07 07:55:23.825] [exthost] [warning] [Decorations] CAPPING events from decorations provider vscode.git 2853
[2022-01-07 07:55:28.983] [exthost] [warning] [Decorations] CAPPING events from decorations provider vscode.git 2853
[2022-01-07 07:55:34.164] [exthost] [warning] [Decorations] CAPPING events from decorations provider vscode.git 2853
[2022-01-07 07:55:40.326] [exthost] [warning] [Decorations] CAPPING events from decorations provider vscode.git 2853
[2022-01-07 07:55:45.507] [exthost] [warning] [Decorations] CAPPING events from decorations provider vscode.git 2853
[2022-01-07 07:55:50.671] [exthost] [warning] [Decorations] CAPPING events from decorations provider vscode.git 2853
[2022-01-07 07:55:55.833] [exthost] [warning] [Decorations] CAPPING events from decorations provider vscode.git 2853
[2022-01-07 07:56:01.000] [exthost] [warning] [Decorations] CAPPING events from decorations provider vscode.git 2853
[2022-01-07 07:56:06.124] [exthost] [warning] [Decorations] CAPPING events from decorations provider vscode.git 2853
[2022-01-07 07:56:25.931] [exthost] [warning] [Decorations] CAPPING events from decorations provider vscode.git 2853
[2022-01-07 07:56:31.093] [exthost] [warning] [Decorations] CAPPING events from decorations provider vscode.git 2853
[2022-01-07 07:56:36.257] [exthost] [warning] [Decorations] CAPPING events from decorations provider vscode.git 2853
[2022-01-07 07:56:41.408] [exthost] [warning] [Decorations] CAPPING events from decorations provider vscode.git 2853
[2022-01-07 07:57:01.770] [exthost] [warning] [Decorations] CAPPING events from decorations provider vscode.git 2853
[2022-01-07 07:57:06.908] [exthost] [warning] [Decorations] CAPPING events from decorations provider vscode.git 2853
[2022-01-07 07:57:12.051] [exthost] [warning] [Decorations] CAPPING events from decorations provider vscode.git 2853
[2022-01-07 07:57:22.732] [exthost] [warning] [Decorations] CAPPING events from decorations provider vscode.git 2853
[2022-01-07 07:57:27.893] [exthost] [warning] [Decorations] CAPPING events from decorations provider vscode.git 2853
[2022-01-07 07:57:33.038] [exthost] [warning] [Decorations] CAPPING events from decorations provider vscode.git 2853
[2022-01-07 07:57:38.218] [exthost] [warning] [Decorations] CAPPING events from decorations provider vscode.git 2853
[2022-01-07 07:58:12.618] [exthost] [warning] [Decorations] CAPPING events from decorations provider vscode.git 2853
[2022-01-07 07:58:28.972] [exthost] [warning] [Decorations] CAPPING events from decorations provider vscode.git 2853
[2022-01-07 07:58:34.127] [exthost] [warning] [Decorations] CAPPING events from decorations provider vscode.git 2853
[2022-01-07 07:58:39.287] [exthost] [warning] [Decorations] CAPPING events from decorations provider vscode.git 2853
[2022-01-07 07:58:44.466] [exthost] [warning] [Decorations] CAPPING events from decorations provider vscode.git 2853
[2022-01-07 07:58:49.633] [exthost] [warning] [Decorations] CAPPING events from decorations provider vscode.git 2853
[2022-01-07 07:58:54.790] [exthost] [warning] [Decorations] CAPPING events from decorations provider vscode.git 2853
[2022-01-07 07:59:17.758] [exthost] [warning] [Decorations] CAPPING events from decorations provider vscode.git 2853
[2022-01-07 07:59:22.942] [exthost] [warning] [Decorations] CAPPING events from decorations provider vscode.git 2853
[2022-01-07 07:59:28.089] [exthost] [warning] [Decorations] CAPPING events from decorations provider vscode.git 2853
[2022-01-07 07:59:33.283] [exthost] [warning] [Decorations] CAPPING events from decorations provider vscode.git 2853
[2022-01-07 07:59:57.028] [exthost] [warning] [Decorations] CAPPING events from decorations provider vscode.git 2853
[2022-01-07 08:00:02.173] [exthost] [warning] [Decorations] CAPPING events from decorations provider vscode.git 2853
[2022-01-07 08:00:07.335] [exthost] [warning] [Decorations] CAPPING events from decorations provider vscode.git 2853
[2022-01-07 08:00:13.389] [exthost] [warning] [Decorations] CAPPING events from decorations provider vscode.git 2853
[2022-01-07 08:00:18.543] [exthost] [warning] [Decorations] CAPPING events from decorations provider vscode.git 2853
[2022-01-07 08:00:41.923] [exthost] [warning] [Decorations] CAPPING events from decorations provider vscode.git 2853
[2022-01-07 08:01:52.617] [exthost] [warning] [Decorations] CAPPING events from decorations provider vscode.git 2853
[2022-01-07 08:02:59.315] [exthost] [warning] [Decorations] CAPPING events from decorations provider vscode.git 2853
[2022-01-07 08:03:28.540] [exthost] [warning] [Decorations] CAPPING events from decorations provider vscode.git 2853
[2022-01-07 08:03:34.923] [exthost] [warning] [Decorations] CAPPING events from decorations provider vscode.git 2853
[2022-01-07 08:03:40.090] [exthost] [warning] [Decorations] CAPPING events from decorations provider vscode.git 2853
[2022-01-07 08:03:45.248] [exthost] [warning] [Decorations] CAPPING events from decorations provider vscode.git 2853
[2022-01-07 08:03:50.410] [exthost] [warning] [Decorations] CAPPING events from decorations provider vscode.git 2853
[2022-01-07 08:03:55.554] [exthost] [warning] [Decorations] CAPPING events from decorations provider vscode.git 2853
[2022-01-07 08:04:00.714] [exthost] [warning] [Decorations] CAPPING events from decorations provider vscode.git 2853
[2022-01-07 08:04:05.860] [exthost] [warning] [Decorations] CAPPING events from decorations provider vscode.git 2853
[2022-01-07 08:04:11.012] [exthost] [warning] [Decorations] CAPPING events from decorations provider vscode.git 2853
[2022-01-07 08:04:16.159] [exthost] [warning] [Decorations] CAPPING events from decorations provider vscode.git 2853
[2022-01-07 08:04:21.293] [exthost] [warning] [Decorations] CAPPING events from decorations provider vscode.git 2853
[2022-01-07 08:04:26.418] [exthost] [warning] [Decorations] CAPPING events from decorations provider vscode.git 2853
[2022-01-07 08:04:31.568] [exthost] [warning] [Decorations] CAPPING events from decorations provider vscode.git 2853
[2022-01-07 08:04:36.730] [exthost] [warning] [Decorations] CAPPING events from decorations provider vscode.git 2853
[2022-01-07 08:04:41.882] [exthost] [warning] [Decorations] CAPPING events from decorations provider vscode.git 2853
[2022-01-07 08:04:47.054] [exthost] [warning] [Decorations] CAPPING events from decorations provider vscode.git 2853
[2022-01-07 08:04:52.222] [exthost] [warning] [Decorations] CAPPING events from decorations provider vscode.git 2853
[2022-01-07 08:04:57.384] [exthost] [warning] [Decorations] CAPPING events from decorations provider vscode.git 2853
[2022-01-07 08:05:02.553] [exthost] [warning] [Decorations] CAPPING events from decorations provider vscode.git 2853
[2022-01-07 08:05:07.686] [exthost] [warning] [Decorations] CAPPING events from decorations provider vscode.git 2853
[2022-01-07 08:05:12.832] [exthost] [warning] [Decorations] CAPPING events from decorations provider vscode.git 2853
[2022-01-07 08:05:17.976] [exthost] [warning] [Decorations] CAPPING events from decorations provider vscode.git 2853
[2022-01-07 08:05:23.135] [exthost] [warning] [Decorations] CAPPING events from decorations provider vscode.git 2853
[2022-01-07 08:05:28.298] [exthost] [warning] [Decorations] CAPPING events from decorations provider vscode.git 2853
[2022-01-07 08:05:33.463] [exthost] [warning] [Decorations] CAPPING events from decorations provider vscode.git 2853
[2022-01-07 08:05:38.625] [exthost] [warning] [Decorations] CAPPING events from decorations provider vscode.git 2853
[2022-01-07 08:05:43.788] [exthost] [warning] [Decorations] CAPPING events from decorations provider vscode.git 2853
[2022-01-07 08:05:48.946] [exthost] [warning] [Decorations] CAPPING events from decorations provider vscode.git 2853
[2022-01-07 08:05:54.107] [exthost] [warning] [Decorations] CAPPING events from decorations provider vscode.git 2853
[2022-01-07 08:05:59.246] [exthost] [warning] [Decorations] CAPPING events from decorations provider vscode.git 2853
[2022-01-07 08:06:04.402] [exthost] [warning] [Decorations] CAPPING events from decorations provider vscode.git 2853
[2022-01-07 08:06:09.548] [exthost] [warning] [Decorations] CAPPING events from decorations provider vscode.git 2853
[2022-01-07 08:06:14.713] [exthost] [warning] [Decorations] CAPPING events from decorations provider vscode.git 2853
[2022-01-07 08:06:19.872] [exthost] [warning] [Decorations] CAPPING events from decorations provider vscode.git 2853
[2022-01-07 08:06:25.031] [exthost] [warning] [Decorations] CAPPING events from decorations provider vscode.git 2853
[2022-01-07 08:06:30.204] [exthost] [warning] [Decorations] CAPPING events from decorations provider vscode.git 2853
[2022-01-07 08:06:35.349] [exthost] [warning] [Decorations] CAPPING events from decorations provider vscode.git 2853
[2022-01-07 08:06:47.076] [exthost] [warning] [Decorations] CAPPING events from decorations provider vscode.git 2853
[2022-01-07 08:06:52.242] [exthost] [warning] [Decorations] CAPPING events from decorations provider vscode.git 2853
[2022-01-07 08:06:57.408] [exthost] [warning] [Decorations] CAPPING events from decorations provider vscode.git 2853
[2022-01-07 08:07:02.575] [exthost] [warning] [Decorations] CAPPING events from decorations provider vscode.git 2853
[2022-01-07 08:07:07.707] [exthost] [warning] [Decorations] CAPPING events from decorations provider vscode.git 2853
[2022-01-07 08:07:12.855] [exthost] [warning] [Decorations] CAPPING events from decorations provider vscode.git 2853
[2022-01-07 08:07:18.005] [exthost] [warning] [Decorations] CAPPING events from decorations provider vscode.git 2853
[2022-01-07 08:07:23.158] [exthost] [warning] [Decorations] CAPPING events from decorations provider vscode.git 2853
[2022-01-07 08:07:28.327] [exthost] [warning] [Decorations] CAPPING events from decorations provider vscode.git 2853
[2022-01-07 08:07:33.491] [exthost] [warning] [Decorations] CAPPING events from decorations provider vscode.git 2853
[2022-01-07 08:07:38.648] [exthost] [warning] [Decorations] CAPPING events from decorations provider vscode.git 2853
[2022-01-07 08:07:43.809] [exthost] [warning] [Decorations] CAPPING events from decorations provider vscode.git 2853
[2022-01-07 08:07:48.973] [exthost] [warning] [Decorations] CAPPING events from decorations provider vscode.git 2853
[2022-01-07 08:07:54.138] [exthost] [warning] [Decorations] CAPPING events from decorations provider vscode.git 2853
[2022-01-07 08:07:59.299] [exthost] [warning] [Decorations] CAPPING events from decorations provider vscode.git 2853
[2022-01-07 08:08:04.456] [exthost] [warning] [Decorations] CAPPING events from decorations provider vscode.git 2853
[2022-01-07 08:08:09.612] [exthost] [warning] [Decorations] CAPPING events from decorations provider vscode.git 2853
[2022-01-07 08:08:14.763] [exthost] [warning] [Decorations] CAPPING events from decorations provider vscode.git 2853
[2022-01-07 08:08:19.891] [exthost] [warning] [Decorations] CAPPING events from decorations provider vscode.git 2853
[2022-01-07 08:08:25.050] [exthost] [warning] [Decorations] CAPPING events from decorations provider vscode.git 2853
[2022-01-07 08:08:30.196] [exthost] [warning] [Decorations] CAPPING events from decorations provider vscode.git 2853
[2022-01-07 08:08:35.352] [exthost] [warning] [Decorations] CAPPING events from decorations provider vscode.git 2853
[2022-01-07 08:08:40.520] [exthost] [warning] [Decorations] CAPPING events from decorations provider vscode.git 2853
[2022-01-07 08:08:45.688] [exthost] [warning] [Decorations] CAPPING events from decorations provider vscode.git 2853
[2022-01-07 08:08:50.855] [exthost] [warning] [Decorations] CAPPING events from decorations provider vscode.git 2853
[2022-01-07 08:09:16.574] [exthost] [warning] [Decorations] CAPPING events from decorations provider vscode.git 2853
[2022-01-07 08:09:21.746] [exthost] [warning] [Decorations] CAPPING events from decorations provider vscode.git 2853
[2022-01-07 08:09:26.912] [exthost] [warning] [Decorations] CAPPING events from decorations provider vscode.git 2853
[2022-01-07 08:09:32.074] [exthost] [warning] [Decorations] CAPPING events from decorations provider vscode.git 2853
[2022-01-07 08:09:37.228] [exthost] [warning] [Decorations] CAPPING events from decorations provider vscode.git 2853
[2022-01-07 08:09:42.387] [exthost] [warning] [Decorations] CAPPING events from decorations provider vscode.git 2853
[2022-01-07 08:09:47.547] [exthost] [warning] [Decorations] CAPPING events from decorations provider vscode.git 2853
[2022-01-07 08:09:52.710] [exthost] [warning] [Decorations] CAPPING events from decorations provider vscode.git 2853
[2022-01-07 08:09:57.860] [exthost] [warning] [Decorations] CAPPING events from decorations provider vscode.git 2853
[2022-01-07 08:10:03.018] [exthost] [warning] [Decorations] CAPPING events from decorations provider vscode.git 2853
[2022-01-07 08:10:08.179] [exthost] [warning] [Decorations] CAPPING events from decorations provider vscode.git 2853
[2022-01-07 08:10:13.319] [exthost] [warning] [Decorations] CAPPING events from decorations provider vscode.git 2853
[2022-01-07 08:10:18.483] [exthost] [warning] [Decorations] CAPPING events from decorations provider vscode.git 2853
[2022-01-07 08:10:23.640] [exthost] [warning] [Decorations] CAPPING events from decorations provider vscode.git 2853
[2022-01-07 08:10:53.595] [exthost] [warning] [Decorations] CAPPING events from decorations provider vscode.git 2853
[2022-01-07 08:10:58.758] [exthost] [warning] [Decorations] CAPPING events from decorations provider vscode.git 2853
[2022-01-07 08:11:03.922] [exthost] [warning] [Decorations] CAPPING events from decorations provider vscode.git 2853
[2022-01-07 08:11:09.082] [exthost] [warning] [Decorations] CAPPING events from decorations provider vscode.git 2853
[2022-01-07 08:11:14.238] [exthost] [warning] [Decorations] CAPPING events from decorations provider vscode.git 2853
[2022-01-07 08:11:19.365] [exthost] [warning] [Decorations] CAPPING events from decorations provider vscode.git 2853
[2022-01-07 08:11:24.516] [exthost] [warning] [Decorations] CAPPING events from decorations provider vscode.git 2853
[2022-01-07 08:11:29.679] [exthost] [warning] [Decorations] CAPPING events from decorations provider vscode.git 2853
[2022-01-07 08:11:34.847] [exthost] [warning] [Decorations] CAPPING events from decorations provider vscode.git 2853
[2022-01-07 08:11:40.003] [exthost] [warning] [Decorations] CAPPING events from decorations provider vscode.git 2853
[2022-01-07 08:11:45.171] [exthost] [warning] [Decorations] CAPPING events from decorations provider vscode.git 2853
[2022-01-07 08:11:50.325] [exthost] [warning] [Decorations] CAPPING events from decorations provider vscode.git 2853
[2022-01-07 08:11:55.493] [exthost] [warning] [Decorations] CAPPING events from decorations provider vscode.git 2853
[2022-01-07 08:12:00.647] [exthost] [warning] [Decorations] CAPPING events from decorations provider vscode.git 2853
[2022-01-07 08:12:05.808] [exthost] [warning] [Decorations] CAPPING events from decorations provider vscode.git 2853
[2022-01-07 08:12:10.971] [exthost] [warning] [Decorations] CAPPING events from decorations provider vscode.git 2853
[2022-01-07 08:12:27.420] [exthost] [warning] [Decorations] CAPPING events from decorations provider vscode.git 2853
[2022-01-07 08:12:32.575] [exthost] [warning] [Decorations] CAPPING events from decorations provider vscode.git 2853
[2022-01-07 08:12:37.734] [exthost] [warning] [Decorations] CAPPING events from decorations provider vscode.git 2853
[2022-01-07 08:12:42.894] [exthost] [warning] [Decorations] CAPPING events from decorations provider vscode.git 2853
[2022-01-07 08:12:48.062] [exthost] [warning] [Decorations] CAPPING events from decorations provider vscode.git 2853
[2022-01-07 08:12:53.222] [exthost] [warning] [Decorations] CAPPING events from decorations provider vscode.git 2853
[2022-01-07 08:12:58.379] [exthost] [warning] [Decorations] CAPPING events from decorations provider vscode.git 2853
[2022-01-07 08:13:03.542] [exthost] [warning] [Decorations] CAPPING events from decorations provider vscode.git 2853
[2022-01-07 08:13:08.703] [exthost] [warning] [Decorations] CAPPING events from decorations provider vscode.git 2853
[2022-01-07 08:13:13.853] [exthost] [warning] [Decorations] CAPPING events from decorations provider vscode.git 2853
[2022-01-07 08:13:19.013] [exthost] [warning] [Decorations] CAPPING events from decorations provider vscode.git 2853
[2022-01-07 08:13:24.176] [exthost] [warning] [Decorations] CAPPING events from decorations provider vscode.git 2853
[2022-01-07 08:13:29.341] [exthost] [warning] [Decorations] CAPPING events from decorations provider vscode.git 2853
[2022-01-07 08:13:34.502] [exthost] [warning] [Decorations] CAPPING events from decorations provider vscode.git 2853
[2022-01-07 08:13:39.665] [exthost] [warning] [Decorations] CAPPING events from decorations provider vscode.git 2853
[2022-01-07 08:13:44.813] [exthost] [warning] [Decorations] CAPPING events from decorations provider vscode.git 2853
[2022-01-07 08:13:49.978] [exthost] [warning] [Decorations] CAPPING events from decorations provider vscode.git 2853
[2022-01-07 08:13:55.148] [exthost] [warning] [Decorations] CAPPING events from decorations provider vscode.git 2853
[2022-01-07 08:14:00.313] [exthost] [warning] [Decorations] CAPPING events from decorations provider vscode.git 2853
[2022-01-07 08:14:05.459] [exthost] [warning] [Decorations] CAPPING events from decorations provider vscode.git 2853
[2022-01-07 08:14:10.621] [exthost] [warning] [Decorations] CAPPING events from decorations provider vscode.git 2853
[2022-01-07 08:14:15.789] [exthost] [warning] [Decorations] CAPPING events from decorations provider vscode.git 2853
[2022-01-07 08:14:20.922] [exthost] [warning] [Decorations] CAPPING events from decorations provider vscode.git 2853
[2022-01-07 08:14:26.073] [exthost] [warning] [Decorations] CAPPING events from decorations provider vscode.git 2853
[2022-01-07 08:14:31.237] [exthost] [warning] [Decorations] CAPPING events from decorations provider vscode.git 2853
[2022-01-07 08:14:36.392] [exthost] [warning] [Decorations] CAPPING events from decorations provider vscode.git 2853
[2022-01-07 08:14:41.534] [exthost] [warning] [Decorations] CAPPING events from decorations provider vscode.git 2853
[2022-01-07 08:14:46.687] [exthost] [warning] [Decorations] CAPPING events from decorations provider vscode.git 2853
[2022-01-07 08:14:51.852] [exthost] [warning] [Decorations] CAPPING events from decorations provider vscode.git 2853
[2022-01-07 08:14:57.017] [exthost] [warning] [Decorations] CAPPING events from decorations provider vscode.git 2853
[2022-01-07 08:15:02.180] [exthost] [warning] [Decorations] CAPPING events from decorations provider vscode.git 2853
[2022-01-07 08:15:07.337] [exthost] [warning] [Decorations] CAPPING events from decorations provider vscode.git 2853
[2022-01-07 08:15:12.498] [exthost] [warning] [Decorations] CAPPING events from decorations provider vscode.git 2853
[2022-01-07 08:15:17.643] [exthost] [warning] [Decorations] CAPPING events from decorations provider vscode.git 2853
[2022-01-07 08:15:56.428] [exthost] [warning] [Decorations] CAPPING events from decorations provider vscode.git 2853
[2022-01-07 08:16:01.586] [exthost] [warning] [Decorations] CAPPING events from decorations provider vscode.git 2853
[2022-01-07 08:16:06.738] [exthost] [warning] [Decorations] CAPPING events from decorations provider vscode.git 2853
[2022-01-07 08:16:11.889] [exthost] [warning] [Decorations] CAPPING events from decorations provider vscode.git 2853
[2022-01-07 08:16:17.045] [exthost] [warning] [Decorations] CAPPING events from decorations provider vscode.git 2853
[2022-01-07 08:16:22.206] [exthost] [warning] [Decorations] CAPPING events from decorations provider vscode.git 2853
[2022-01-07 08:16:27.367] [exthost] [warning] [Decorations] CAPPING events from decorations provider vscode.git 2853
[2022-01-07 08:16:32.509] [exthost] [warning] [Decorations] CAPPING events from decorations provider vscode.git 2853
[2022-01-07 08:16:37.676] [exthost] [warning] [Decorations] CAPPING events from decorations provider vscode.git 2853
[2022-01-07 08:16:42.841] [exthost] [warning] [Decorations] CAPPING events from decorations provider vscode.git 2853
[2022-01-07 08:16:48.015] [exthost] [warning] [Decorations] CAPPING events from decorations provider vscode.git 2853
[2022-01-07 08:16:53.175] [exthost] [warning] [Decorations] CAPPING events from decorations provider vscode.git 2853
[2022-01-07 08:16:58.320] [exthost] [warning] [Decorations] CAPPING events from decorations provider vscode.git 2853
[2022-01-07 08:17:03.479] [exthost] [warning] [Decorations] CAPPING events from decorations provider vscode.git 2853
[2022-01-07 08:17:08.643] [exthost] [warning] [Decorations] CAPPING events from decorations provider vscode.git 2853
[2022-01-07 08:17:13.795] [exthost] [warning] [Decorations] CAPPING events from decorations provider vscode.git 2853
[2022-01-07 08:17:18.957] [exthost] [warning] [Decorations] CAPPING events from decorations provider vscode.git 2853
[2022-01-07 08:17:24.087] [exthost] [warning] [Decorations] CAPPING events from decorations provider vscode.git 2853
[2022-01-07 08:17:29.248] [exthost] [warning] [Decorations] CAPPING events from decorations provider vscode.git 2853
[2022-01-07 08:17:34.410] [exthost] [warning] [Decorations] CAPPING events from decorations provider vscode.git 2853
[2022-01-07 08:17:39.568] [exthost] [warning] [Decorations] CAPPING events from decorations provider vscode.git 2853
[2022-01-07 08:17:44.726] [exthost] [warning] [Decorations] CAPPING events from decorations provider vscode.git 2853
[2022-01-07 08:17:49.882] [exthost] [warning] [Decorations] CAPPING events from decorations provider vscode.git 2853
[2022-01-07 08:17:55.042] [exthost] [warning] [Decorations] CAPPING events from decorations provider vscode.git 2853
[2022-01-07 08:18:00.199] [exthost] [warning] [Decorations] CAPPING events from decorations provider vscode.git 2853
[2022-01-07 08:18:05.370] [exthost] [warning] [Decorations] CAPPING events from decorations provider vscode.git 2853
[2022-01-07 08:20:41.453] [exthost] [warning] [Decorations] CAPPING events from decorations provider vscode.git 2853
[2022-01-07 08:20:46.630] [exthost] [warning] [Decorations] CAPPING events from decorations provider vscode.git 2853
[2022-01-07 08:20:51.789] [exthost] [warning] [Decorations] CAPPING events from decorations provider vscode.git 2853
[2022-01-07 08:20:56.945] [exthost] [warning] [Decorations] CAPPING events from decorations provider vscode.git 2853
[2022-01-07 08:21:02.095] [exthost] [warning] [Decorations] CAPPING events from decorations provider vscode.git 2853
[2022-01-07 08:21:07.245] [exthost] [warning] [Decorations] CAPPING events from decorations provider vscode.git 2853
[2022-01-07 08:21:12.412] [exthost] [warning] [Decorations] CAPPING events from decorations provider vscode.git 2853
[2022-01-07 08:21:17.560] [exthost] [warning] [Decorations] CAPPING events from decorations provider vscode.git 2853
[2022-01-07 08:21:22.725] [exthost] [warning] [Decorations] CAPPING events from decorations provider vscode.git 2853
[2022-01-07 08:21:27.891] [exthost] [warning] [Decorations] CAPPING events from decorations provider vscode.git 2853
[2022-01-07 08:21:33.026] [exthost] [warning] [Decorations] CAPPING events from decorations provider vscode.git 2853
[2022-01-07 08:21:38.187] [exthost] [warning] [Decorations] CAPPING events from decorations provider vscode.git 2853
[2022-01-07 08:21:43.362] [exthost] [warning] [Decorations] CAPPING events from decorations provider vscode.git 2853
[2022-01-07 08:21:48.521] [exthost] [warning] [Decorations] CAPPING events from decorations provider vscode.git 2853
[2022-01-07 08:21:53.681] [exthost] [warning] [Decorations] CAPPING events from decorations provider vscode.git 2853
[2022-01-07 08:21:58.839] [exthost] [warning] [Decorations] CAPPING events from decorations provider vscode.git 2853
[2022-01-07 08:22:04.009] [exthost] [warning] [Decorations] CAPPING events from decorations provider vscode.git 2853
[2022-01-07 08:22:09.145] [exthost] [warning] [Decorations] CAPPING events from decorations provider vscode.git 2853
[2022-01-07 08:22:14.499] [exthost] [warning] [Decorations] CAPPING events from decorations provider vscode.git 2853
[2022-01-07 08:22:19.662] [exthost] [warning] [Decorations] CAPPING events from decorations provider vscode.git 2853
[2022-01-07 08:22:24.797] [exthost] [warning] [Decorations] CAPPING events from decorations provider vscode.git 2853
[2022-01-07 08:22:29.932] [exthost] [warning] [Decorations] CAPPING events from decorations provider vscode.git 2853
[2022-01-07 08:22:35.096] [exthost] [warning] [Decorations] CAPPING events from decorations provider vscode.git 2853
[2022-01-07 08:22:40.255] [exthost] [warning] [Decorations] CAPPING events from decorations provider vscode.git 2853
[2022-01-07 08:22:45.412] [exthost] [warning] [Decorations] CAPPING events from decorations provider vscode.git 2853
[2022-01-07 08:22:50.578] [exthost] [warning] [Decorations] CAPPING events from decorations provider vscode.git 2853
[2022-01-07 08:22:55.758] [exthost] [warning] [Decorations] CAPPING events from decorations provider vscode.git 2853
[2022-01-07 08:23:00.953] [exthost] [warning] [Decorations] CAPPING events from decorations provider vscode.git 2853
[2022-01-07 08:23:06.114] [exthost] [warning] [Decorations] CAPPING events from decorations provider vscode.git 2853
[2022-01-07 08:23:11.274] [exthost] [warning] [Decorations] CAPPING events from decorations provider vscode.git 2853
[2022-01-07 08:23:16.436] [exthost] [warning] [Decorations] CAPPING events from decorations provider vscode.git 2853
[2022-01-07 08:23:21.600] [exthost] [warning] [Decorations] CAPPING events from decorations provider vscode.git 2853
[2022-01-07 08:23:26.751] [exthost] [warning] [Decorations] CAPPING events from decorations provider vscode.git 2853
[2022-01-07 08:23:31.880] [exthost] [warning] [Decorations] CAPPING events from decorations provider vscode.git 2853
[2022-01-07 08:23:37.043] [exthost] [warning] [Decorations] CAPPING events from decorations provider vscode.git 2853
[2022-01-07 08:23:42.203] [exthost] [warning] [Decorations] CAPPING events from decorations provider vscode.git 2853
[2022-01-07 08:23:47.365] [exthost] [warning] [Decorations] CAPPING events from decorations provider vscode.git 2853
[2022-01-07 08:23:52.521] [exthost] [warning] [Decorations] CAPPING events from decorations provider vscode.git 2853
[2022-01-07 08:23:57.684] [exthost] [warning] [Decorations] CAPPING events from decorations provider vscode.git 2853
[2022-01-07 08:24:02.846] [exthost] [warning] [Decorations] CAPPING events from decorations provider vscode.git 2853
[2022-01-07 08:24:08.015] [exthost] [warning] [Decorations] CAPPING events from decorations provider vscode.git 2853
[2022-01-07 08:24:13.174] [exthost] [warning] [Decorations] CAPPING events from decorations provider vscode.git 2853
[2022-01-07 08:24:18.334] [exthost] [warning] [Decorations] CAPPING events from decorations provider vscode.git 2853
[2022-01-07 08:24:23.497] [exthost] [warning] [Decorations] CAPPING events from decorations provider vscode.git 2853
[2022-01-07 08:24:28.656] [exthost] [warning] [Decorations] CAPPING events from decorations provider vscode.git 2853
[2022-01-07 08:24:33.812] [exthost] [warning] [Decorations] CAPPING events from decorations provider vscode.git 2853
[2022-01-07 08:24:38.980] [exthost] [warning] [Decorations] CAPPING events from decorations provider vscode.git 2853
[2022-01-07 08:24:44.129] [exthost] [warning] [Decorations] CAPPING events from decorations provider vscode.git 2853
[2022-01-07 08:24:49.289] [exthost] [warning] [Decorations] CAPPING events from decorations provider vscode.git 2853
[2022-01-07 08:24:54.453] [exthost] [warning] [Decorations] CAPPING events from decorations provider vscode.git 2853
[2022-01-07 08:24:59.596] [exthost] [warning] [Decorations] CAPPING events from decorations provider vscode.git 2853
[2022-01-07 08:25:04.757] [exthost] [warning] [Decorations] CAPPING events from decorations provider vscode.git 2853
[2022-01-07 08:25:09.919] [exthost] [warning] [Decorations] CAPPING events from decorations provider vscode.git 2853
[2022-01-07 08:25:15.070] [exthost] [warning] [Decorations] CAPPING events from decorations provider vscode.git 2853
[2022-01-07 08:25:20.236] [exthost] [warning] [Decorations] CAPPING events from decorations provider vscode.git 2853
[2022-01-07 08:25:25.408] [exthost] [warning] [Decorations] CAPPING events from decorations provider vscode.git 2853
[2022-01-07 08:25:30.571] [exthost] [warning] [Decorations] CAPPING events from decorations provider vscode.git 2853
[2022-01-07 08:25:35.734] [exthost] [warning] [Decorations] CAPPING events from decorations provider vscode.git 2853
[2022-01-07 08:25:40.891] [exthost] [warning] [Decorations] CAPPING events from decorations provider vscode.git 2853
[2022-01-07 08:25:46.051] [exthost] [warning] [Decorations] CAPPING events from decorations provider vscode.git 2853
[2022-01-07 08:25:51.213] [exthost] [warning] [Decorations] CAPPING events from decorations provider vscode.git 2853
[2022-01-07 08:25:56.396] [exthost] [warning] [Decorations] CAPPING events from decorations provider vscode.git 2853
[2022-01-07 08:26:01.553] [exthost] [warning] [Decorations] CAPPING events from decorations provider vscode.git 2853
[2022-01-07 08:26:06.735] [exthost] [warning] [Decorations] CAPPING events from decorations provider vscode.git 2853
[2022-01-07 08:26:15.132] [exthost] [warning] [Decorations] CAPPING events from decorations provider vscode.git 2853
[2022-01-07 08:26:20.300] [exthost] [warning] [Decorations] CAPPING events from decorations provider vscode.git 2853
[2022-01-07 08:26:25.443] [exthost] [warning] [Decorations] CAPPING events from decorations provider vscode.git 2853
[2022-01-07 08:26:30.582] [exthost] [warning] [Decorations] CAPPING events from decorations provider vscode.git 2853
[2022-01-07 08:26:35.743] [exthost] [warning] [Decorations] CAPPING events from decorations provider vscode.git 2853
[2022-01-07 08:26:40.884] [exthost] [warning] [Decorations] CAPPING events from decorations provider vscode.git 2853
[2022-01-07 08:26:46.040] [exthost] [warning] [Decorations] CAPPING events from decorations provider vscode.git 2853
[2022-01-07 08:26:51.195] [exthost] [warning] [Decorations] CAPPING events from decorations provider vscode.git 2853
[2022-01-07 08:26:56.362] [exthost] [warning] [Decorations] CAPPING events from decorations provider vscode.git 2853
[2022-01-07 08:27:01.527] [exthost] [warning] [Decorations] CAPPING events from decorations provider vscode.git 2853
[2022-01-07 08:27:06.689] [exthost] [warning] [Decorations] CAPPING events from decorations provider vscode.git 2853
[2022-01-07 08:27:11.852] [exthost] [warning] [Decorations] CAPPING events from decorations provider vscode.git 2853
[2022-01-07 08:27:17.018] [exthost] [warning] [Decorations] CAPPING events from decorations provider vscode.git 2853
[2022-01-07 08:27:22.174] [exthost] [warning] [Decorations] CAPPING events from decorations provider vscode.git 2853
[2022-01-07 08:27:27.341] [exthost] [warning] [Decorations] CAPPING events from decorations provider vscode.git 2853
[2022-01-07 08:27:32.503] [exthost] [warning] [Decorations] CAPPING events from decorations provider vscode.git 2853
[2022-01-07 08:27:37.670] [exthost] [warning] [Decorations] CAPPING events from decorations provider vscode.git 2853
[2022-01-07 08:27:42.836] [exthost] [warning] [Decorations] CAPPING events from decorations provider vscode.git 2853
[2022-01-07 08:27:47.995] [exthost] [warning] [Decorations] CAPPING events from decorations provider vscode.git 2853
[2022-01-07 08:27:53.158] [exthost] [warning] [Decorations] CAPPING events from decorations provider vscode.git 2853
[2022-01-07 08:27:58.331] [exthost] [warning] [Decorations] CAPPING events from decorations provider vscode.git 2853
[2022-01-07 08:28:03.477] [exthost] [warning] [Decorations] CAPPING events from decorations provider vscode.git 2853
[2022-01-07 08:28:08.642] [exthost] [warning] [Decorations] CAPPING events from decorations provider vscode.git 2853
[2022-01-07 08:28:13.802] [exthost] [warning] [Decorations] CAPPING events from decorations provider vscode.git 2853
[2022-01-07 08:28:18.968] [exthost] [warning] [Decorations] CAPPING events from decorations provider vscode.git 2853
[2022-01-07 08:28:24.136] [exthost] [warning] [Decorations] CAPPING events from decorations provider vscode.git 2853
[2022-01-07 08:28:29.304] [exthost] [warning] [Decorations] CAPPING events from decorations provider vscode.git 2853
[2022-01-07 08:28:34.459] [exthost] [warning] [Decorations] CAPPING events from decorations provider vscode.git 2853
[2022-01-07 08:28:39.622] [exthost] [warning] [Decorations] CAPPING events from decorations provider vscode.git 2853
[2022-01-07 08:28:44.868] [exthost] [warning] [Decorations] CAPPING events from decorations provider vscode.git 2853
[2022-01-07 08:28:50.041] [exthost] [warning] [Decorations] CAPPING events from decorations provider vscode.git 2853
[2022-01-07 08:28:55.205] [exthost] [warning] [Decorations] CAPPING events from decorations provider vscode.git 2853
[2022-01-07 08:29:00.365] [exthost] [warning] [Decorations] CAPPING events from decorations provider vscode.git 2853
[2022-01-07 08:30:04.284] [exthost] [warning] [Decorations] CAPPING events from decorations provider vscode.git 2853
[2022-01-07 08:30:09.439] [exthost] [warning] [Decorations] CAPPING events from decorations provider vscode.git 2853
[2022-01-07 08:30:14.610] [exthost] [warning] [Decorations] CAPPING events from decorations provider vscode.git 2853
[2022-01-07 08:30:39.125] [exthost] [warning] [Decorations] CAPPING events from decorations provider vscode.git 2853
[2022-01-07 08:30:44.289] [exthost] [warning] [Decorations] CAPPING events from decorations provider vscode.git 2853
[2022-01-07 08:30:49.444] [exthost] [warning] [Decorations] CAPPING events from decorations provider vscode.git 2853
[2022-01-07 08:30:54.659] [exthost] [warning] [Decorations] CAPPING events from decorations provider vscode.git 2853
[2022-01-07 08:30:59.820] [exthost] [warning] [Decorations] CAPPING events from decorations provider vscode.git 2853
[2022-01-07 08:31:04.980] [exthost] [warning] [Decorations] CAPPING events from decorations provider vscode.git 2853
[2022-01-07 08:31:10.091] [exthost] [warning] [Decorations] CAPPING events from decorations provider vscode.git 2853
[2022-01-07 08:31:15.250] [exthost] [warning] [Decorations] CAPPING events from decorations provider vscode.git 2853
[2022-01-07 08:31:20.416] [exthost] [warning] [Decorations] CAPPING events from decorations provider vscode.git 2853
[2022-01-07 08:31:25.565] [exthost] [warning] [Decorations] CAPPING events from decorations provider vscode.git 2853
[2022-01-07 08:31:30.729] [exthost] [warning] [Decorations] CAPPING events from decorations provider vscode.git 2853
[2022-01-07 08:31:35.883] [exthost] [warning] [Decorations] CAPPING events from decorations provider vscode.git 2853
[2022-01-07 08:31:41.021] [exthost] [warning] [Decorations] CAPPING events from decorations provider vscode.git 2853
[2022-01-07 08:31:46.184] [exthost] [warning] [Decorations] CAPPING events from decorations provider vscode.git 2853
[2022-01-07 08:31:51.347] [exthost] [warning] [Decorations] CAPPING events from decorations provider vscode.git 2853
[2022-01-07 08:31:56.511] [exthost] [warning] [Decorations] CAPPING events from decorations provider vscode.git 2853
[2022-01-07 08:32:01.668] [exthost] [warning] [Decorations] CAPPING events from decorations provider vscode.git 2853
[2022-01-07 08:32:06.823] [exthost] [warning] [Decorations] CAPPING events from decorations provider vscode.git 2853
[2022-01-07 08:32:11.976] [exthost] [warning] [Decorations] CAPPING events from decorations provider vscode.git 2853
[2022-01-07 08:32:17.135] [exthost] [warning] [Decorations] CAPPING events from decorations provider vscode.git 2853
[2022-01-07 08:32:27.876] [exthost] [warning] [Decorations] CAPPING events from decorations provider vscode.git 2853
[2022-01-07 08:32:33.037] [exthost] [warning] [Decorations] CAPPING events from decorations provider vscode.git 2853
[2022-01-07 08:32:38.198] [exthost] [warning] [Decorations] CAPPING events from decorations provider vscode.git 2853
[2022-01-07 08:32:43.346] [exthost] [warning] [Decorations] CAPPING events from decorations provider vscode.git 2853
[2022-01-07 08:32:48.506] [exthost] [warning] [Decorations] CAPPING events from decorations provider vscode.git 2853
[2022-01-07 08:32:53.666] [exthost] [warning] [Decorations] CAPPING events from decorations provider vscode.git 2853
[2022-01-07 08:32:58.827] [exthost] [warning] [Decorations] CAPPING events from decorations provider vscode.git 2853
[2022-01-07 08:33:03.990] [exthost] [warning] [Decorations] CAPPING events from decorations provider vscode.git 2853
[2022-01-07 08:33:09.158] [exthost] [warning] [Decorations] CAPPING events from decorations provider vscode.git 2853
[2022-01-07 08:33:14.325] [exthost] [warning] [Decorations] CAPPING events from decorations provider vscode.git 2853
[2022-01-07 08:33:19.497] [exthost] [warning] [Decorations] CAPPING events from decorations provider vscode.git 2853
[2022-01-07 08:33:24.669] [exthost] [warning] [Decorations] CAPPING events from decorations provider vscode.git 2853
[2022-01-07 08:33:29.840] [exthost] [warning] [Decorations] CAPPING events from decorations provider vscode.git 2853
[2022-01-07 08:33:34.991] [exthost] [warning] [Decorations] CAPPING events from decorations provider vscode.git 2853
[2022-01-07 08:33:40.156] [exthost] [warning] [Decorations] CAPPING events from decorations provider vscode.git 2853
[2022-01-07 08:33:45.319] [exthost] [warning] [Decorations] CAPPING events from decorations provider vscode.git 2853
[2022-01-07 08:33:50.487] [exthost] [warning] [Decorations] CAPPING events from decorations provider vscode.git 2853
[2022-01-07 08:33:55.658] [exthost] [warning] [Decorations] CAPPING events from decorations provider vscode.git 2853
[2022-01-07 08:34:00.821] [exthost] [warning] [Decorations] CAPPING events from decorations provider vscode.git 2853
[2022-01-07 08:34:05.975] [exthost] [warning] [Decorations] CAPPING events from decorations provider vscode.git 2853
[2022-01-07 08:34:11.129] [exthost] [warning] [Decorations] CAPPING events from decorations provider vscode.git 2853
[2022-01-07 08:34:16.303] [exthost] [warning] [Decorations] CAPPING events from decorations provider vscode.git 2853
[2022-01-07 08:34:21.470] [exthost] [warning] [Decorations] CAPPING events from decorations provider vscode.git 2853
[2022-01-07 08:34:26.643] [exthost] [warning] [Decorations] CAPPING events from decorations provider vscode.git 2853
[2022-01-07 08:34:31.817] [exthost] [warning] [Decorations] CAPPING events from decorations provider vscode.git 2853
[2022-01-07 08:35:20.119] [exthost] [warning] [Decorations] CAPPING events from decorations provider vscode.git 2853
[2022-01-07 08:35:25.294] [exthost] [warning] [Decorations] CAPPING events from decorations provider vscode.git 2853
[2022-01-07 08:35:30.452] [exthost] [warning] [Decorations] CAPPING events from decorations provider vscode.git 2853
[2022-01-07 08:35:35.619] [exthost] [warning] [Decorations] CAPPING events from decorations provider vscode.git 2853
[2022-01-07 08:35:57.375] [exthost] [warning] [Decorations] CAPPING events from decorations provider vscode.git 2853
[2022-01-07 08:36:02.534] [exthost] [warning] [Decorations] CAPPING events from decorations provider vscode.git 2853
[2022-01-07 08:36:07.675] [exthost] [warning] [Decorations] CAPPING events from decorations provider vscode.git 2853
[2022-01-07 08:36:12.838] [exthost] [warning] [Decorations] CAPPING events from decorations provider vscode.git 2853
[2022-01-07 08:36:17.997] [exthost] [warning] [Decorations] CAPPING events from decorations provider vscode.git 2853
[2022-01-07 08:36:23.158] [exthost] [warning] [Decorations] CAPPING events from decorations provider vscode.git 2853
[2022-01-07 08:36:28.316] [exthost] [warning] [Decorations] CAPPING events from decorations provider vscode.git 2853
[2022-01-07 08:36:33.490] [exthost] [warning] [Decorations] CAPPING events from decorations provider vscode.git 2853
[2022-01-07 08:36:38.641] [exthost] [warning] [Decorations] CAPPING events from decorations provider vscode.git 2853
[2022-01-07 08:36:43.799] [exthost] [warning] [Decorations] CAPPING events from decorations provider vscode.git 2853
[2022-01-07 08:36:48.959] [exthost] [warning] [Decorations] CAPPING events from decorations provider vscode.git 2853
[2022-01-07 08:36:54.134] [exthost] [warning] [Decorations] CAPPING events from decorations provider vscode.git 2853
[2022-01-07 08:36:59.300] [exthost] [warning] [Decorations] CAPPING events from decorations provider vscode.git 2853
[2022-01-07 08:37:04.461] [exthost] [warning] [Decorations] CAPPING events from decorations provider vscode.git 2853
[2022-01-07 08:37:09.629] [exthost] [warning] [Decorations] CAPPING events from decorations provider vscode.git 2853
[2022-01-07 08:37:14.778] [exthost] [warning] [Decorations] CAPPING events from decorations provider vscode.git 2853
[2022-01-07 08:37:19.931] [exthost] [warning] [Decorations] CAPPING events from decorations provider vscode.git 2853
[2022-01-07 08:37:25.093] [exthost] [warning] [Decorations] CAPPING events from decorations provider vscode.git 2853
[2022-01-07 08:37:31.079] [exthost] [warning] [Decorations] CAPPING events from decorations provider vscode.git 2853
[2022-01-07 08:37:36.235] [exthost] [warning] [Decorations] CAPPING events from decorations provider vscode.git 2853
[2022-01-07 08:37:41.398] [exthost] [warning] [Decorations] CAPPING events from decorations provider vscode.git 2853
[2022-01-07 08:37:46.553] [exthost] [warning] [Decorations] CAPPING events from decorations provider vscode.git 2853
[2022-01-07 08:37:51.712] [exthost] [warning] [Decorations] CAPPING events from decorations provider vscode.git 2853
[2022-01-07 08:37:57.559] [exthost] [warning] [Decorations] CAPPING events from decorations provider vscode.git 2853
[2022-01-07 08:38:03.386] [exthost] [warning] [Decorations] CAPPING events from decorations provider vscode.git 2853
[2022-01-07 08:38:08.547] [exthost] [warning] [Decorations] CAPPING events from decorations provider vscode.git 2853
[2022-01-07 08:38:13.668] [exthost] [warning] [Decorations] CAPPING events from decorations provider vscode.git 2853
[2022-01-07 08:38:18.823] [exthost] [warning] [Decorations] CAPPING events from decorations provider vscode.git 2853
[2022-01-07 08:38:23.966] [exthost] [warning] [Decorations] CAPPING events from decorations provider vscode.git 2853
[2022-01-07 08:38:29.120] [exthost] [warning] [Decorations] CAPPING events from decorations provider vscode.git 2853
[2022-01-07 08:38:34.283] [exthost] [warning] [Decorations] CAPPING events from decorations provider vscode.git 2853
[2022-01-07 08:38:39.417] [exthost] [warning] [Decorations] CAPPING events from decorations provider vscode.git 2853
[2022-01-07 08:38:44.571] [exthost] [warning] [Decorations] CAPPING events from decorations provider vscode.git 2853
[2022-01-07 08:38:49.741] [exthost] [warning] [Decorations] CAPPING events from decorations provider vscode.git 2853
[2022-01-07 08:38:54.870] [exthost] [warning] [Decorations] CAPPING events from decorations provider vscode.git 2853
[2022-01-07 08:39:00.029] [exthost] [warning] [Decorations] CAPPING events from decorations provider vscode.git 2853
[2022-01-07 08:39:05.233] [exthost] [warning] [Decorations] CAPPING events from decorations provider vscode.git 2853
[2022-01-07 08:39:41.409] [exthost] [warning] [Decorations] CAPPING events from decorations provider vscode.git 2853
[2022-01-07 08:39:46.587] [exthost] [warning] [Decorations] CAPPING events from decorations provider vscode.git 2853
[2022-01-07 08:39:51.756] [exthost] [warning] [Decorations] CAPPING events from decorations provider vscode.git 2853
[2022-01-07 08:39:56.923] [exthost] [warning] [Decorations] CAPPING events from decorations provider vscode.git 2853
[2022-01-07 08:40:02.087] [exthost] [warning] [Decorations] CAPPING events from decorations provider vscode.git 2853
[2022-01-07 08:40:07.258] [exthost] [warning] [Decorations] CAPPING events from decorations provider vscode.git 2853
[2022-01-07 08:40:12.419] [exthost] [warning] [Decorations] CAPPING events from decorations provider vscode.git 2853
[2022-01-07 08:40:17.569] [exthost] [warning] [Decorations] CAPPING events from decorations provider vscode.git 2853
[2022-01-07 08:40:22.735] [exthost] [warning] [Decorations] CAPPING events from decorations provider vscode.git 2853
[2022-01-07 08:40:27.893] [exthost] [warning] [Decorations] CAPPING events from decorations provider vscode.git 2853
[2022-01-07 08:40:33.054] [exthost] [warning] [Decorations] CAPPING events from decorations provider vscode.git 2853
[2022-01-07 08:40:38.225] [exthost] [warning] [Decorations] CAPPING events from decorations provider vscode.git 2853
[2022-01-07 08:40:43.362] [exthost] [warning] [Decorations] CAPPING events from decorations provider vscode.git 2853
[2022-01-07 08:40:48.494] [exthost] [warning] [Decorations] CAPPING events from decorations provider vscode.git 2853
[2022-01-07 08:40:53.681] [exthost] [warning] [Decorations] CAPPING events from decorations provider vscode.git 2853
[2022-01-07 08:40:58.820] [exthost] [warning] [Decorations] CAPPING events from decorations provider vscode.git 2853
[2022-01-07 08:41:03.998] [exthost] [warning] [Decorations] CAPPING events from decorations provider vscode.git 2853
[2022-01-07 08:41:09.169] [exthost] [warning] [Decorations] CAPPING events from decorations provider vscode.git 2853
[2022-01-07 08:41:14.343] [exthost] [warning] [Decorations] CAPPING events from decorations provider vscode.git 2853
[2022-01-07 08:41:33.817] [exthost] [warning] [Decorations] CAPPING events from decorations provider vscode.git 2853
[2022-01-07 08:41:38.975] [exthost] [warning] [Decorations] CAPPING events from decorations provider vscode.git 2853
[2022-01-07 08:41:44.139] [exthost] [warning] [Decorations] CAPPING events from decorations provider vscode.git 2853
[2022-01-07 08:41:49.301] [exthost] [warning] [Decorations] CAPPING events from decorations provider vscode.git 2853
[2022-01-07 08:41:54.488] [exthost] [warning] [Decorations] CAPPING events from decorations provider vscode.git 2853
[2022-01-07 08:41:59.644] [exthost] [warning] [Decorations] CAPPING events from decorations provider vscode.git 2853
[2022-01-07 08:42:10.552] [exthost] [warning] [Decorations] CAPPING events from decorations provider vscode.git 2853
[2022-01-07 08:42:15.688] [exthost] [warning] [Decorations] CAPPING events from decorations provider vscode.git 2853
[2022-01-07 08:42:20.849] [exthost] [warning] [Decorations] CAPPING events from decorations provider vscode.git 2853
[2022-01-07 08:42:26.010] [exthost] [warning] [Decorations] CAPPING events from decorations provider vscode.git 2853
[2022-01-07 08:42:31.178] [exthost] [warning] [Decorations] CAPPING events from decorations provider vscode.git 2853
[2022-01-07 08:42:36.342] [exthost] [warning] [Decorations] CAPPING events from decorations provider vscode.git 2853
[2022-01-07 08:42:41.507] [exthost] [warning] [Decorations] CAPPING events from decorations provider vscode.git 2853
[2022-01-07 08:42:46.654] [exthost] [warning] [Decorations] CAPPING events from decorations provider vscode.git 2853
[2022-01-07 08:42:51.785] [exthost] [warning] [Decorations] CAPPING events from decorations provider vscode.git 2853
[2022-01-07 08:42:56.942] [exthost] [warning] [Decorations] CAPPING events from decorations provider vscode.git 2853
[2022-01-07 08:43:02.103] [exthost] [warning] [Decorations] CAPPING events from decorations provider vscode.git 2853
[2022-01-07 08:43:07.277] [exthost] [warning] [Decorations] CAPPING events from decorations provider vscode.git 2853
[2022-01-07 08:43:12.436] [exthost] [warning] [Decorations] CAPPING events from decorations provider vscode.git 2853
[2022-01-07 08:43:17.597] [exthost] [warning] [Decorations] CAPPING events from decorations provider vscode.git 2853
[2022-01-07 08:43:22.758] [exthost] [warning] [Decorations] CAPPING events from decorations provider vscode.git 2853
[2022-01-07 08:43:27.918] [exthost] [warning] [Decorations] CAPPING events from decorations provider vscode.git 2853
[2022-01-07 08:43:33.084] [exthost] [warning] [Decorations] CAPPING events from decorations provider vscode.git 2853
[2022-01-07 08:43:38.240] [exthost] [warning] [Decorations] CAPPING events from decorations provider vscode.git 2853
[2022-01-07 08:43:43.398] [exthost] [warning] [Decorations] CAPPING events from decorations provider vscode.git 2853
[2022-01-07 08:43:48.553] [exthost] [warning] [Decorations] CAPPING events from decorations provider vscode.git 2853
[2022-01-07 08:43:53.681] [exthost] [warning] [Decorations] CAPPING events from decorations provider vscode.git 2853
[2022-01-07 08:43:58.838] [exthost] [warning] [Decorations] CAPPING events from decorations provider vscode.git 2853
[2022-01-07 08:44:04.010] [exthost] [warning] [Decorations] CAPPING events from decorations provider vscode.git 2853
[2022-01-07 08:44:09.181] [exthost] [warning] [Decorations] CAPPING events from decorations provider vscode.git 2853
[2022-01-07 08:44:14.343] [exthost] [warning] [Decorations] CAPPING events from decorations provider vscode.git 2853
[2022-01-07 08:44:19.502] [exthost] [warning] [Decorations] CAPPING events from decorations provider vscode.git 2853
[2022-01-07 08:44:24.654] [exthost] [warning] [Decorations] CAPPING events from decorations provider vscode.git 2853
[2022-01-07 08:44:29.826] [exthost] [warning] [Decorations] CAPPING events from decorations provider vscode.git 2853
[2022-01-07 08:44:34.991] [exthost] [warning] [Decorations] CAPPING events from decorations provider vscode.git 2853
[2022-01-07 08:44:40.162] [exthost] [warning] [Decorations] CAPPING events from decorations provider vscode.git 2853
[2022-01-07 08:44:45.313] [exthost] [warning] [Decorations] CAPPING events from decorations provider vscode.git 2853
[2022-01-07 08:44:50.476] [exthost] [warning] [Decorations] CAPPING events from decorations provider vscode.git 2853
[2022-01-07 08:44:55.637] [exthost] [warning] [Decorations] CAPPING events from decorations provider vscode.git 2853
[2022-01-07 08:45:00.798] [exthost] [warning] [Decorations] CAPPING events from decorations provider vscode.git 2853
[2022-01-07 08:45:05.948] [exthost] [warning] [Decorations] CAPPING events from decorations provider vscode.git 2853
[2022-01-07 08:45:11.109] [exthost] [warning] [Decorations] CAPPING events from decorations provider vscode.git 2853
[2022-01-07 08:45:16.270] [exthost] [warning] [Decorations] CAPPING events from decorations provider vscode.git 2853
[2022-01-07 08:45:21.435] [exthost] [warning] [Decorations] CAPPING events from decorations provider vscode.git 2853
[2022-01-07 08:45:26.596] [exthost] [warning] [Decorations] CAPPING events from decorations provider vscode.git 2853
[2022-01-07 08:45:31.761] [exthost] [warning] [Decorations] CAPPING events from decorations provider vscode.git 2853
[2022-01-07 08:45:36.925] [exthost] [warning] [Decorations] CAPPING events from decorations provider vscode.git 2853
[2022-01-07 08:45:42.097] [exthost] [warning] [Decorations] CAPPING events from decorations provider vscode.git 2853
[2022-01-07 08:45:47.214] [exthost] [warning] [Decorations] CAPPING events from decorations provider vscode.git 2853
[2022-01-07 08:45:52.365] [exthost] [warning] [Decorations] CAPPING events from decorations provider vscode.git 2853
[2022-01-07 08:45:57.527] [exthost] [warning] [Decorations] CAPPING events from decorations provider vscode.git 2853
[2022-01-07 08:46:02.689] [exthost] [warning] [Decorations] CAPPING events from decorations provider vscode.git 2853
[2022-01-07 08:46:07.844] [exthost] [warning] [Decorations] CAPPING events from decorations provider vscode.git 2853
[2022-01-07 08:46:13.011] [exthost] [warning] [Decorations] CAPPING events from decorations provider vscode.git 2853
[2022-01-07 08:46:42.098] [exthost] [warning] [Decorations] CAPPING events from decorations provider vscode.git 2853
[2022-01-07 08:46:47.251] [exthost] [warning] [Decorations] CAPPING events from decorations provider vscode.git 2853
[2022-01-07 08:46:52.411] [exthost] [warning] [Decorations] CAPPING events from decorations provider vscode.git 2853
[2022-01-07 08:47:22.994] [exthost] [warning] [Decorations] CAPPING events from decorations provider vscode.git 2853
[2022-01-07 08:47:28.169] [exthost] [warning] [Decorations] CAPPING events from decorations provider vscode.git 2853
[2022-01-07 08:47:33.339] [exthost] [warning] [Decorations] CAPPING events from decorations provider vscode.git 2853
[2022-01-07 08:47:38.515] [exthost] [warning] [Decorations] CAPPING events from decorations provider vscode.git 2853
[2022-01-07 08:47:43.686] [exthost] [warning] [Decorations] CAPPING events from decorations provider vscode.git 2853
[2022-01-07 08:47:48.847] [exthost] [warning] [Decorations] CAPPING events from decorations provider vscode.git 2853
[2022-01-07 08:47:53.993] [exthost] [warning] [Decorations] CAPPING events from decorations provider vscode.git 2853
[2022-01-07 08:47:59.153] [exthost] [warning] [Decorations] CAPPING events from decorations provider vscode.git 2853
[2022-01-07 08:48:04.321] [exthost] [warning] [Decorations] CAPPING events from decorations provider vscode.git 2853
[2022-01-07 08:48:09.478] [exthost] [warning] [Decorations] CAPPING events from decorations provider vscode.git 2853
[2022-01-07 08:48:14.685] [exthost] [warning] [Decorations] CAPPING events from decorations provider vscode.git 2853
[2022-01-07 08:48:19.813] [exthost] [warning] [Decorations] CAPPING events from decorations provider vscode.git 2853
[2022-01-07 08:48:24.958] [exthost] [warning] [Decorations] CAPPING events from decorations provider vscode.git 2853
[2022-01-07 08:48:30.115] [exthost] [warning] [Decorations] CAPPING events from decorations provider vscode.git 2853
[2022-01-07 08:48:35.289] [exthost] [warning] [Decorations] CAPPING events from decorations provider vscode.git 2853
[2022-01-07 08:48:40.447] [exthost] [warning] [Decorations] CAPPING events from decorations provider vscode.git 2853
[2022-01-07 08:48:45.581] [exthost] [warning] [Decorations] CAPPING events from decorations provider vscode.git 2853
[2022-01-07 08:48:50.740] [exthost] [warning] [Decorations] CAPPING events from decorations provider vscode.git 2853
[2022-01-07 08:48:55.921] [exthost] [warning] [Decorations] CAPPING events from decorations provider vscode.git 2853
[2022-01-07 08:49:01.089] [exthost] [warning] [Decorations] CAPPING events from decorations provider vscode.git 2853
[2022-01-07 08:49:06.250] [exthost] [warning] [Decorations] CAPPING events from decorations provider vscode.git 2853
[2022-01-07 08:49:11.416] [exthost] [warning] [Decorations] CAPPING events from decorations provider vscode.git 2853
[2022-01-07 08:49:16.576] [exthost] [warning] [Decorations] CAPPING events from decorations provider vscode.git 2853
[2022-01-07 08:49:21.745] [exthost] [warning] [Decorations] CAPPING events from decorations provider vscode.git 2853
[2022-01-07 08:49:26.897] [exthost] [warning] [Decorations] CAPPING events from decorations provider vscode.git 2853
[2022-01-07 08:49:32.052] [exthost] [warning] [Decorations] CAPPING events from decorations provider vscode.git 2853
[2022-01-07 08:49:37.202] [exthost] [warning] [Decorations] CAPPING events from decorations provider vscode.git 2853
[2022-01-07 08:49:42.357] [exthost] [warning] [Decorations] CAPPING events from decorations provider vscode.git 2853
[2022-01-07 08:49:47.512] [exthost] [warning] [Decorations] CAPPING events from decorations provider vscode.git 2853
[2022-01-07 08:50:02.883] [exthost] [warning] [Decorations] CAPPING events from decorations provider vscode.git 2853
[2022-01-07 08:50:08.046] [exthost] [warning] [Decorations] CAPPING events from decorations provider vscode.git 2853
[2022-01-07 08:50:13.188] [exthost] [warning] [Decorations] CAPPING events from decorations provider vscode.git 2853
[2022-01-07 08:51:28.458] [exthost] [warning] [Decorations] CAPPING events from decorations provider vscode.git 2853
[2022-01-07 08:53:13.943] [exthost] [warning] [Decorations] CAPPING events from decorations provider vscode.git 2853
[2022-01-07 08:53:19.125] [exthost] [warning] [Decorations] CAPPING events from decorations provider vscode.git 2853
[2022-01-07 08:53:24.332] [exthost] [warning] [Decorations] CAPPING events from decorations provider vscode.git 2853
[2022-01-07 08:53:29.531] [exthost] [warning] [Decorations] CAPPING events from decorations provider vscode.git 2853
[2022-01-07 08:53:34.699] [exthost] [warning] [Decorations] CAPPING events from decorations provider vscode.git 2853
[2022-01-07 08:53:39.858] [exthost] [warning] [Decorations] CAPPING events from decorations provider vscode.git 2853
[2022-01-07 08:53:45.019] [exthost] [warning] [Decorations] CAPPING events from decorations provider vscode.git 2853
[2022-01-07 08:53:50.203] [exthost] [warning] [Decorations] CAPPING events from decorations provider vscode.git 2853
[2022-01-07 08:53:55.346] [exthost] [warning] [Decorations] CAPPING events from decorations provider vscode.git 2853
[2022-01-07 08:54:00.469] [exthost] [warning] [Decorations] CAPPING events from decorations provider vscode.git 2853
[2022-01-07 08:54:05.620] [exthost] [warning] [Decorations] CAPPING events from decorations provider vscode.git 2853
[2022-01-07 08:54:10.815] [exthost] [warning] [Decorations] CAPPING events from decorations provider vscode.git 2853
[2022-01-07 08:54:15.966] [exthost] [warning] [Decorations] CAPPING events from decorations provider vscode.git 2853
[2022-01-07 08:54:21.123] [exthost] [warning] [Decorations] CAPPING events from decorations provider vscode.git 2853
[2022-01-07 08:54:26.248] [exthost] [warning] [Decorations] CAPPING events from decorations provider vscode.git 2853
[2022-01-07 08:54:31.410] [exthost] [warning] [Decorations] CAPPING events from decorations provider vscode.git 2853
[2022-01-07 08:54:36.573] [exthost] [warning] [Decorations] CAPPING events from decorations provider vscode.git 2853
[2022-01-07 08:54:41.714] [exthost] [warning] [Decorations] CAPPING events from decorations provider vscode.git 2853
[2022-01-07 08:54:46.878] [exthost] [warning] [Decorations] CAPPING events from decorations provider vscode.git 2853
[2022-01-07 08:54:52.038] [exthost] [warning] [Decorations] CAPPING events from decorations provider vscode.git 2853
[2022-01-07 08:54:57.194] [exthost] [warning] [Decorations] CAPPING events from decorations provider vscode.git 2853
[2022-01-07 08:55:02.395] [exthost] [warning] [Decorations] CAPPING events from decorations provider vscode.git 2853
[2022-01-07 08:55:07.554] [exthost] [warning] [Decorations] CAPPING events from decorations provider vscode.git 2853
[2022-01-07 08:55:12.703] [exthost] [warning] [Decorations] CAPPING events from decorations provider vscode.git 2853
[2022-01-07 08:55:18.193] [exthost] [warning] [Decorations] CAPPING events from decorations provider vscode.git 2853
[2022-01-07 08:55:23.371] [exthost] [warning] [Decorations] CAPPING events from decorations provider vscode.git 2853
[2022-01-07 08:55:28.530] [exthost] [warning] [Decorations] CAPPING events from decorations provider vscode.git 2853
[2022-01-07 08:55:33.695] [exthost] [warning] [Decorations] CAPPING events from decorations provider vscode.git 2853
[2022-01-07 08:55:38.885] [exthost] [warning] [Decorations] CAPPING events from decorations provider vscode.git 2853
[2022-01-07 08:55:44.067] [exthost] [warning] [Decorations] CAPPING events from decorations provider vscode.git 2853
[2022-01-07 08:55:49.241] [exthost] [warning] [Decorations] CAPPING events from decorations provider vscode.git 2853
[2022-01-07 08:55:54.448] [exthost] [warning] [Decorations] CAPPING events from decorations provider vscode.git 2853
[2022-01-07 08:56:53.247] [exthost] [warning] [Decorations] CAPPING events from decorations provider vscode.git 2853
[2022-01-07 08:56:58.405] [exthost] [warning] [Decorations] CAPPING events from decorations provider vscode.git 2853
[2022-01-07 08:57:03.569] [exthost] [warning] [Decorations] CAPPING events from decorations provider vscode.git 2853
[2022-01-07 08:57:08.736] [exthost] [warning] [Decorations] CAPPING events from decorations provider vscode.git 2853
[2022-01-07 08:58:45.811] [exthost] [warning] [Decorations] CAPPING events from decorations provider vscode.git 2853
[2022-01-07 08:58:50.963] [exthost] [warning] [Decorations] CAPPING events from decorations provider vscode.git 2853
[2022-01-07 08:58:56.141] [exthost] [warning] [Decorations] CAPPING events from decorations provider vscode.git 2853
[2022-01-07 08:59:01.310] [exthost] [warning] [Decorations] CAPPING events from decorations provider vscode.git 2853
[2022-01-07 08:59:10.649] [exthost] [warning] [Decorations] CAPPING events from decorations provider vscode.git 2853
[2022-01-07 08:59:15.808] [exthost] [warning] [Decorations] CAPPING events from decorations provider vscode.git 2853
[2022-01-07 08:59:20.958] [exthost] [warning] [Decorations] CAPPING events from decorations provider vscode.git 2853
[2022-01-07 08:59:27.478] [exthost] [warning] [Decorations] CAPPING events from decorations provider vscode.git 2853
[2022-01-07 09:00:00.876] [exthost] [warning] [Decorations] CAPPING events from decorations provider vscode.git 2853
[2022-01-07 09:00:06.003] [exthost] [warning] [Decorations] CAPPING events from decorations provider vscode.git 2853
[2022-01-07 09:01:04.760] [exthost] [warning] [Decorations] CAPPING events from decorations provider vscode.git 2853
[2022-01-07 09:01:09.938] [exthost] [warning] [Decorations] CAPPING events from decorations provider vscode.git 2853
[2022-01-07 09:01:15.100] [exthost] [warning] [Decorations] CAPPING events from decorations provider vscode.git 2853
[2022-01-07 09:01:20.299] [exthost] [warning] [Decorations] CAPPING events from decorations provider vscode.git 2853
[2022-01-07 09:01:25.451] [exthost] [warning] [Decorations] CAPPING events from decorations provider vscode.git 2853
[2022-01-07 09:01:30.611] [exthost] [warning] [Decorations] CAPPING events from decorations provider vscode.git 2853
[2022-01-07 09:01:35.779] [exthost] [warning] [Decorations] CAPPING events from decorations provider vscode.git 2853
[2022-01-07 09:01:40.942] [exthost] [warning] [Decorations] CAPPING events from decorations provider vscode.git 2853
[2022-01-07 09:01:46.101] [exthost] [warning] [Decorations] CAPPING events from decorations provider vscode.git 2853
[2022-01-07 09:01:51.274] [exthost] [warning] [Decorations] CAPPING events from decorations provider vscode.git 2853
[2022-01-07 09:01:56.434] [exthost] [warning] [Decorations] CAPPING events from decorations provider vscode.git 2853
[2022-01-07 09:02:01.593] [exthost] [warning] [Decorations] CAPPING events from decorations provider vscode.git 2853
[2022-01-07 09:02:20.286] [exthost] [warning] [Decorations] CAPPING events from decorations provider vscode.git 2853
[2022-01-07 09:02:25.455] [exthost] [warning] [Decorations] CAPPING events from decorations provider vscode.git 2853
[2022-01-07 09:02:30.609] [exthost] [warning] [Decorations] CAPPING events from decorations provider vscode.git 2853
[2022-01-07 09:02:35.772] [exthost] [warning] [Decorations] CAPPING events from decorations provider vscode.git 2853
[2022-01-07 09:02:40.934] [exthost] [warning] [Decorations] CAPPING events from decorations provider vscode.git 2853
[2022-01-07 09:02:46.089] [exthost] [warning] [Decorations] CAPPING events from decorations provider vscode.git 2853
[2022-01-07 09:02:51.251] [exthost] [warning] [Decorations] CAPPING events from decorations provider vscode.git 2853
[2022-01-07 09:02:56.419] [exthost] [warning] [Decorations] CAPPING events from decorations provider vscode.git 2853
[2022-01-07 09:03:01.566] [exthost] [warning] [Decorations] CAPPING events from decorations provider vscode.git 2853
[2022-01-07 09:03:06.715] [exthost] [warning] [Decorations] CAPPING events from decorations provider vscode.git 2853
[2022-01-07 09:03:11.882] [exthost] [warning] [Decorations] CAPPING events from decorations provider vscode.git 2853
[2022-01-07 09:03:17.046] [exthost] [warning] [Decorations] CAPPING events from decorations provider vscode.git 2853
[2022-01-07 09:03:22.201] [exthost] [warning] [Decorations] CAPPING events from decorations provider vscode.git 2853
[2022-01-07 09:03:27.365] [exthost] [warning] [Decorations] CAPPING events from decorations provider vscode.git 2853
[2022-01-07 09:03:32.526] [exthost] [warning] [Decorations] CAPPING events from decorations provider vscode.git 2853
[2022-01-07 09:03:37.693] [exthost] [warning] [Decorations] CAPPING events from decorations provider vscode.git 2853
[2022-01-07 09:03:42.856] [exthost] [warning] [Decorations] CAPPING events from decorations provider vscode.git 2853
[2022-01-07 09:03:48.014] [exthost] [warning] [Decorations] CAPPING events from decorations provider vscode.git 2853
[2022-01-07 09:03:53.166] [exthost] [warning] [Decorations] CAPPING events from decorations provider vscode.git 2853
[2022-01-07 09:03:58.339] [exthost] [warning] [Decorations] CAPPING events from decorations provider vscode.git 2853
[2022-01-07 09:04:03.506] [exthost] [warning] [Decorations] CAPPING events from decorations provider vscode.git 2853
[2022-01-07 09:04:08.665] [exthost] [warning] [Decorations] CAPPING events from decorations provider vscode.git 2853
[2022-01-07 09:04:13.827] [exthost] [warning] [Decorations] CAPPING events from decorations provider vscode.git 2853
[2022-01-07 09:04:18.988] [exthost] [warning] [Decorations] CAPPING events from decorations provider vscode.git 2853
[2022-01-07 09:04:24.150] [exthost] [warning] [Decorations] CAPPING events from decorations provider vscode.git 2853
[2022-01-07 09:04:29.310] [exthost] [warning] [Decorations] CAPPING events from decorations provider vscode.git 2853
[2022-01-07 09:04:34.451] [exthost] [warning] [Decorations] CAPPING events from decorations provider vscode.git 2853
[2022-01-07 09:04:39.603] [exthost] [warning] [Decorations] CAPPING events from decorations provider vscode.git 2853
[2022-01-07 09:04:44.773] [exthost] [warning] [Decorations] CAPPING events from decorations provider vscode.git 2853
[2022-01-07 09:04:49.934] [exthost] [warning] [Decorations] CAPPING events from decorations provider vscode.git 2853
[2022-01-07 09:04:55.097] [exthost] [warning] [Decorations] CAPPING events from decorations provider vscode.git 2853
[2022-01-07 09:05:00.235] [exthost] [warning] [Decorations] CAPPING events from decorations provider vscode.git 2853
[2022-01-07 09:05:05.381] [exthost] [warning] [Decorations] CAPPING events from decorations provider vscode.git 2853
[2022-01-07 09:05:10.536] [exthost] [warning] [Decorations] CAPPING events from decorations provider vscode.git 2853
[2022-01-07 09:05:15.714] [exthost] [warning] [Decorations] CAPPING events from decorations provider vscode.git 2853
[2022-01-07 09:05:20.875] [exthost] [warning] [Decorations] CAPPING events from decorations provider vscode.git 2853
[2022-01-07 09:05:26.030] [exthost] [warning] [Decorations] CAPPING events from decorations provider vscode.git 2853
[2022-01-07 09:05:31.195] [exthost] [warning] [Decorations] CAPPING events from decorations provider vscode.git 2853
[2022-01-07 09:05:36.349] [exthost] [warning] [Decorations] CAPPING events from decorations provider vscode.git 2853
[2022-01-07 09:05:41.503] [exthost] [warning] [Decorations] CAPPING events from decorations provider vscode.git 2853
[2022-01-07 09:05:46.662] [exthost] [warning] [Decorations] CAPPING events from decorations provider vscode.git 2853
[2022-01-07 09:05:51.826] [exthost] [warning] [Decorations] CAPPING events from decorations provider vscode.git 2853
[2022-01-07 09:05:56.992] [exthost] [warning] [Decorations] CAPPING events from decorations provider vscode.git 2853
[2022-01-07 09:06:02.134] [exthost] [warning] [Decorations] CAPPING events from decorations provider vscode.git 2853
[2022-01-07 09:06:07.281] [exthost] [warning] [Decorations] CAPPING events from decorations provider vscode.git 2853
[2022-01-07 09:06:12.409] [exthost] [warning] [Decorations] CAPPING events from decorations provider vscode.git 2853
[2022-01-07 09:06:17.564] [exthost] [warning] [Decorations] CAPPING events from decorations provider vscode.git 2853
[2022-01-07 09:06:22.720] [exthost] [warning] [Decorations] CAPPING events from decorations provider vscode.git 2853
[2022-01-07 09:06:27.880] [exthost] [warning] [Decorations] CAPPING events from decorations provider vscode.git 2853
[2022-01-07 09:06:33.038] [exthost] [warning] [Decorations] CAPPING events from decorations provider vscode.git 2853
[2022-01-07 09:06:38.190] [exthost] [warning] [Decorations] CAPPING events from decorations provider vscode.git 2853
[2022-01-07 09:06:43.346] [exthost] [warning] [Decorations] CAPPING events from decorations provider vscode.git 2853
[2022-01-07 09:06:48.520] [exthost] [warning] [Decorations] CAPPING events from decorations provider vscode.git 2853
[2022-01-07 09:06:53.677] [exthost] [warning] [Decorations] CAPPING events from decorations provider vscode.git 2853
[2022-01-07 09:06:58.837] [exthost] [warning] [Decorations] CAPPING events from decorations provider vscode.git 2853
[2022-01-07 09:07:03.972] [exthost] [warning] [Decorations] CAPPING events from decorations provider vscode.git 2853
[2022-01-07 09:07:09.117] [exthost] [warning] [Decorations] CAPPING events from decorations provider vscode.git 2853
[2022-01-07 09:07:14.274] [exthost] [warning] [Decorations] CAPPING events from decorations provider vscode.git 2853
[2022-01-07 09:07:19.438] [exthost] [warning] [Decorations] CAPPING events from decorations provider vscode.git 2853
[2022-01-07 09:07:49.262] [exthost] [warning] [Decorations] CAPPING events from decorations provider vscode.git 2853
[2022-01-07 09:07:54.428] [exthost] [warning] [Decorations] CAPPING events from decorations provider vscode.git 2853
[2022-01-07 09:07:59.620] [exthost] [warning] [Decorations] CAPPING events from decorations provider vscode.git 2853
[2022-01-07 09:08:04.764] [exthost] [warning] [Decorations] CAPPING events from decorations provider vscode.git 2853
[2022-01-07 09:08:09.913] [exthost] [warning] [Decorations] CAPPING events from decorations provider vscode.git 2853
[2022-01-07 09:08:15.081] [exthost] [warning] [Decorations] CAPPING events from decorations provider vscode.git 2853
[2022-01-07 09:08:20.266] [exthost] [warning] [Decorations] CAPPING events from decorations provider vscode.git 2853
[2022-01-07 09:08:25.420] [exthost] [warning] [Decorations] CAPPING events from decorations provider vscode.git 2853
[2022-01-07 09:08:30.580] [exthost] [warning] [Decorations] CAPPING events from decorations provider vscode.git 2853
[2022-01-07 09:08:35.749] [exthost] [warning] [Decorations] CAPPING events from decorations provider vscode.git 2853
[2022-01-07 09:08:40.892] [exthost] [warning] [Decorations] CAPPING events from decorations provider vscode.git 2853
[2022-01-07 09:08:46.062] [exthost] [warning] [Decorations] CAPPING events from decorations provider vscode.git 2853
[2022-01-07 09:08:51.212] [exthost] [warning] [Decorations] CAPPING events from decorations provider vscode.git 2853
[2022-01-07 09:08:56.379] [exthost] [warning] [Decorations] CAPPING events from decorations provider vscode.git 2853
[2022-01-07 09:09:54.336] [exthost] [warning] [Decorations] CAPPING events from decorations provider vscode.git 2853
